This file contains any messages produced by compilers while
running configure, to aid debugging if configure makes a mistake.

It was created by avarice configure 2.10, which was
generated by GNU Autoconf 2.62.  Invocation command line was

  $ ./configure 

## --------- ##
## Platform. ##
## --------- ##

hostname = stechapfel.local
uname -m = i386
uname -r = 10.0.0
uname -s = Darwin
uname -v = Darwin Kernel Version 10.0.0: Fri Jul 31 22:47:34 PDT 2009; root:xnu-1456.1.25~1/RELEASE_I386

/usr/bin/uname -p = i386
/bin/uname -X     = unknown

/bin/arch              = unknown
/usr/bin/arch -k       = unknown
/usr/convex/getsysinfo = unknown
/usr/bin/hostinfo      = Mach kernel version:
	 Darwin Kernel Version 10.0.0: Fri Jul 31 22:47:34 PDT 2009; root:xnu-1456.1.25~1/RELEASE_I386
Kernel configured for up to 2 processors.
2 processors are physically available.
2 processors are logically available.
Processor type: i486 (Intel 80486)
Processors active: 0 1
Primary memory available: 4.00 gigabytes
Default processor set: 91 tasks, 356 threads, 2 processors
Load average: 0.63, Mach factor: 1.36
/bin/machine           = unknown
/usr/bin/oslevel       = unknown
/bin/universe          = unknown

PATH: /opt/local/bin
PATH: /opt/local/sbin
PATH: /usr/bin
PATH: /bin
PATH: /usr/sbin
PATH: /sbin
PATH: /usr/local/bin
PATH: /usr/local/git/bin
PATH: /usr/X11/bin
PATH: /usr/local/CrossPack-AVR/bin
PATH: /opt/local/bin
PATH: /usr/local/Crosspack-AVR/bin


## ----------- ##
## Core tests. ##
## ----------- ##

configure:1880: checking for a BSD-compatible install
configure:1948: result: /usr/bin/install -c
configure:1959: checking whether build environment is sane
configure:2002: result: yes
configure:2027: checking for a thread-safe mkdir -p
configure:2066: result: config-aux/install-sh -c -d
configure:2079: checking for gawk
configure:2109: result: no
configure:2079: checking for mawk
configure:2109: result: no
configure:2079: checking for nawk
configure:2109: result: no
configure:2079: checking for awk
configure:2095: found /usr/bin/awk
configure:2106: result: awk
configure:2117: checking whether make sets $(MAKE)
configure:2139: result: yes
configure:2387: checking for g++
configure:2403: found /usr/bin/g++
configure:2414: result: g++
configure:2445: checking for C++ compiler version
configure:2453: g++ --version >&5
i686-apple-darwin10-g++-4.2.1 (GCC) 4.2.1 (Apple Inc. build 5646)
Copyright (C) 2007 Free Software Foundation, Inc.
This is free software; see the source for copying conditions.  There is NO
warranty; not even for MERCHANTABILITY or FITNESS FOR A PARTICULAR PURPOSE.

configure:2457: $? = 0
configure:2464: g++ -v >&5
Using built-in specs.
Target: i686-apple-darwin10
Configured with: /var/tmp/gcc/gcc-5646~6/src/configure --disable-checking --enable-werror --prefix=/usr --mandir=/share/man --enable-languages=c,objc,c++,obj-c++ --program-transform-name=/^[cg][^.-]*$/s/$/-4.2/ --with-slibdir=/usr/lib --build=i686-apple-darwin10 --with-gxx-include-dir=/include/c++/4.2.1 --program-prefix=i686-apple-darwin10- --host=x86_64-apple-darwin10 --target=i686-apple-darwin10
Thread model: posix
gcc version 4.2.1 (Apple Inc. build 5646)
configure:2468: $? = 0
configure:2475: g++ -V >&5
g++-4.2: argument to `-V' is missing
configure:2479: $? = 1
configure:2502: checking for C++ compiler default output file name
configure:2524: g++   -L/opt/local/lib conftest.cpp  >&5
configure:2528: $? = 0
configure:2566: result: a.out
configure:2583: checking whether the C++ compiler works
configure:2593: ./a.out
configure:2597: $? = 0
configure:2614: result: yes
configure:2621: checking whether we are cross compiling
configure:2623: result: no
configure:2626: checking for suffix of executables
configure:2633: g++ -o conftest   -L/opt/local/lib conftest.cpp  >&5
configure:2637: $? = 0
configure:2661: result: 
configure:2667: checking for suffix of object files
configure:2693: g++ -c   conftest.cpp >&5
configure:2697: $? = 0
configure:2720: result: o
configure:2724: checking whether we are using the GNU C++ compiler
configure:2753: g++ -c   conftest.cpp >&5
configure:2760: $? = 0
configure:2777: result: yes
configure:2786: checking whether g++ accepts -g
configure:2816: g++ -c -g  conftest.cpp >&5
configure:2823: $? = 0
configure:2924: result: yes
configure:2958: checking for style of include used by make
configure:2986: result: GNU
configure:3011: checking dependency style of g++
configure:3102: result: gcc3
configure:3165: checking for gcc
configure:3181: found /usr/bin/gcc
configure:3192: result: gcc
configure:3430: checking for C compiler version
configure:3438: gcc --version >&5
i686-apple-darwin10-gcc-4.2.1 (GCC) 4.2.1 (Apple Inc. build 5646)
Copyright (C) 2007 Free Software Foundation, Inc.
This is free software; see the source for copying conditions.  There is NO
warranty; not even for MERCHANTABILITY or FITNESS FOR A PARTICULAR PURPOSE.

configure:3442: $? = 0
configure:3449: gcc -v >&5
Using built-in specs.
Target: i686-apple-darwin10
Configured with: /var/tmp/gcc/gcc-5646~6/src/configure --disable-checking --enable-werror --prefix=/usr --mandir=/share/man --enable-languages=c,objc,c++,obj-c++ --program-transform-name=/^[cg][^.-]*$/s/$/-4.2/ --with-slibdir=/usr/lib --build=i686-apple-darwin10 --with-gxx-include-dir=/include/c++/4.2.1 --program-prefix=i686-apple-darwin10- --host=x86_64-apple-darwin10 --target=i686-apple-darwin10
Thread model: posix
gcc version 4.2.1 (Apple Inc. build 5646)
configure:3453: $? = 0
configure:3460: gcc -V >&5
gcc-4.2: argument to `-V' is missing
configure:3464: $? = 1
configure:3467: checking whether we are using the GNU C compiler
configure:3496: gcc -c -I/opt/local/include  conftest.c >&5
configure:3503: $? = 0
configure:3520: result: yes
configure:3529: checking whether gcc accepts -g
configure:3559: gcc -c -g  conftest.c >&5
configure:3566: $? = 0
configure:3667: result: yes
configure:3684: checking for gcc option to accept ISO C89
configure:3758: gcc  -c -I/opt/local/include  conftest.c >&5
configure:3765: $? = 0
configure:3788: result: none needed
configure:3808: checking dependency style of gcc
configure:3899: result: gcc3
configure:3917: checking for perl
configure:3935: found /opt/local/bin/perl
configure:3947: result: /opt/local/bin/perl
configure:3966: checking for library containing gethostbyname
configure:4007: gcc -o conftest -I/opt/local/include  -L/opt/local/lib conftest.c  >&5
configure:4014: $? = 0
configure:4045: result: none required
configure:4053: checking for socket
configure:4109: gcc -o conftest -I/opt/local/include  -L/opt/local/lib conftest.c  >&5
configure:4116: $? = 0
configure:4136: result: yes
configure:4289: checking for library containing inet_aton
configure:4330: gcc -o conftest -I/opt/local/include  -L/opt/local/lib conftest.c  >&5
configure:4337: $? = 0
configure:4368: result: none required
configure:4382: checking for iconv_open in -liconv
configure:4417: gcc -o conftest -I/opt/local/include  -L/opt/local/lib conftest.c -liconv   >&5
Undefined symbols:
  "_iconv_open", referenced from:
      _main in ccXDhtO6.o
ld: symbol(s) not found
collect2: ld returned 1 exit status
configure:4424: $? = 1
configure: failed program was:
| /* confdefs.h.  */
| #define PACKAGE_NAME "avarice"
| #define PACKAGE_TARNAME "avarice"
| #define PACKAGE_VERSION "2.10"
| #define PACKAGE_STRING "avarice 2.10"
| #define PACKAGE_BUGREPORT ""
| #define PACKAGE "avarice"
| #define VERSION "2.10"
| /* end confdefs.h.  */
| 
| /* Override any GCC internal prototype to avoid an error.
|    Use char because int might match the return type of a GCC
|    builtin and then its argument prototype would still apply.  */
| #ifdef __cplusplus
| extern "C"
| #endif
| char iconv_open ();
| int
| main ()
| {
| return iconv_open ();
|   ;
|   return 0;
| }
configure:4445: result: no
configure:4460: checking for libiconv_open in -liconv
configure:4495: gcc -o conftest -I/opt/local/include  -L/opt/local/lib conftest.c -liconv   >&5
configure:4502: $? = 0
configure:4523: result: yes
configure:4536: checking for dcgettext in -lintl
configure:4571: gcc -o conftest -I/opt/local/include  -L/opt/local/lib conftest.c -lintl  -liconv  >&5
conftest.c:18: warning: conflicting types for built-in function 'dcgettext'
configure:4578: $? = 0
configure:4599: result: yes
configure:4611: checking for xmalloc in -liberty
configure:4646: gcc -o conftest -I/opt/local/include  -L/opt/local/lib conftest.c -liberty  -lintl -liconv  >&5
ld: library not found for -liberty
collect2: ld returned 1 exit status
configure:4653: $? = 1
configure: failed program was:
| /* confdefs.h.  */
| #define PACKAGE_NAME "avarice"
| #define PACKAGE_TARNAME "avarice"
| #define PACKAGE_VERSION "2.10"
| #define PACKAGE_STRING "avarice 2.10"
| #define PACKAGE_BUGREPORT ""
| #define PACKAGE "avarice"
| #define VERSION "2.10"
| #define HAVE_LIBICONV 1
| #define HAVE_LIBINTL 1
| /* end confdefs.h.  */
| 
| /* Override any GCC internal prototype to avoid an error.
|    Use char because int might match the return type of a GCC
|    builtin and then its argument prototype would still apply.  */
| #ifdef __cplusplus
| extern "C"
| #endif
| char xmalloc ();
| int
| main ()
| {
| return xmalloc ();
|   ;
|   return 0;
| }
configure:4674: result: no
configure:4686: checking for bfd_init in -lbfd
configure:4721: gcc -o conftest -I/opt/local/include  -L/opt/local/lib conftest.c -lbfd  -lintl -liconv  >&5
configure:4728: $? = 0
configure:4749: result: yes
configure:4763: checking for usb_get_string_simple in -lusb
configure:4798: gcc -o conftest -I/opt/local/include  -L/opt/local/lib conftest.c -lusb  -lbfd -lintl -liconv  >&5
configure:4805: $? = 0
configure:4826: result: yes
configure:4850: checking how to run the C preprocessor
configure:4890: gcc -E  conftest.c
configure:4897: $? = 0
configure:4928: gcc -E  conftest.c
conftest.c:14:28: error: ac_nonexistent.h: No such file or directory
configure:4935: $? = 1
configure: failed program was:
| /* confdefs.h.  */
| #define PACKAGE_NAME "avarice"
| #define PACKAGE_TARNAME "avarice"
| #define PACKAGE_VERSION "2.10"
| #define PACKAGE_STRING "avarice 2.10"
| #define PACKAGE_BUGREPORT ""
| #define PACKAGE "avarice"
| #define VERSION "2.10"
| #define HAVE_LIBICONV 1
| #define HAVE_LIBINTL 1
| #define HAVE_LIBBFD 1
| #define HAVE_LIBUSB 1
| /* end confdefs.h.  */
| #include <ac_nonexistent.h>
configure:4968: result: gcc -E
configure:4997: gcc -E  conftest.c
configure:5004: $? = 0
configure:5035: gcc -E  conftest.c
conftest.c:14:28: error: ac_nonexistent.h: No such file or directory
configure:5042: $? = 1
configure: failed program was:
| /* confdefs.h.  */
| #define PACKAGE_NAME "avarice"
| #define PACKAGE_TARNAME "avarice"
| #define PACKAGE_VERSION "2.10"
| #define PACKAGE_STRING "avarice 2.10"
| #define PACKAGE_BUGREPORT ""
| #define PACKAGE "avarice"
| #define VERSION "2.10"
| #define HAVE_LIBICONV 1
| #define HAVE_LIBINTL 1
| #define HAVE_LIBBFD 1
| #define HAVE_LIBUSB 1
| /* end confdefs.h.  */
| #include <ac_nonexistent.h>
configure:5080: checking for grep that handles long lines and -e
configure:5140: result: /usr/bin/grep
configure:5145: checking for egrep
configure:5209: result: /usr/bin/grep -E
configure:5214: checking for ANSI C header files
configure:5244: gcc -c -I/opt/local/include  conftest.c >&5
configure:5251: $? = 0
configure:5350: gcc -o conftest -I/opt/local/include  -L/opt/local/lib conftest.c -lusb -lbfd -lintl -liconv  >&5
configure:5354: $? = 0
configure:5360: ./conftest
configure:5364: $? = 0
configure:5382: result: yes
configure:5406: checking for sys/types.h
configure:5427: gcc -c -I/opt/local/include  conftest.c >&5
configure:5434: $? = 0
configure:5451: result: yes
configure:5406: checking for sys/stat.h
configure:5427: gcc -c -I/opt/local/include  conftest.c >&5
configure:5434: $? = 0
configure:5451: result: yes
configure:5406: checking for stdlib.h
configure:5427: gcc -c -I/opt/local/include  conftest.c >&5
configure:5434: $? = 0
configure:5451: result: yes
configure:5406: checking for string.h
configure:5427: gcc -c -I/opt/local/include  conftest.c >&5
configure:5434: $? = 0
configure:5451: result: yes
configure:5406: checking for memory.h
configure:5427: gcc -c -I/opt/local/include  conftest.c >&5
configure:5434: $? = 0
configure:5451: result: yes
configure:5406: checking for strings.h
configure:5427: gcc -c -I/opt/local/include  conftest.c >&5
configure:5434: $? = 0
configure:5451: result: yes
configure:5406: checking for inttypes.h
configure:5427: gcc -c -I/opt/local/include  conftest.c >&5
configure:5434: $? = 0
configure:5451: result: yes
configure:5406: checking for stdint.h
configure:5427: gcc -c -I/opt/local/include  conftest.c >&5
configure:5434: $? = 0
configure:5451: result: yes
configure:5406: checking for unistd.h
configure:5427: gcc -c -I/opt/local/include  conftest.c >&5
configure:5434: $? = 0
configure:5451: result: yes
configure:5489: checking arpa/inet.h usability
configure:5506: gcc -c -I/opt/local/include  conftest.c >&5
configure:5513: $? = 0
configure:5527: result: yes
configure:5531: checking arpa/inet.h presence
configure:5546: gcc -E  conftest.c
configure:5553: $? = 0
configure:5567: result: yes
configure:5595: checking for arpa/inet.h
configure:5604: result: yes
configure:5489: checking fcntl.h usability
configure:5506: gcc -c -I/opt/local/include  conftest.c >&5
configure:5513: $? = 0
configure:5527: result: yes
configure:5531: checking fcntl.h presence
configure:5546: gcc -E  conftest.c
configure:5553: $? = 0
configure:5567: result: yes
configure:5595: checking for fcntl.h
configure:5604: result: yes
configure:5489: checking netdb.h usability
configure:5506: gcc -c -I/opt/local/include  conftest.c >&5
configure:5513: $? = 0
configure:5527: result: yes
configure:5531: checking netdb.h presence
configure:5546: gcc -E  conftest.c
configure:5553: $? = 0
configure:5567: result: yes
configure:5595: checking for netdb.h
configure:5604: result: yes
configure:5489: checking netinet/in.h usability
configure:5506: gcc -c -I/opt/local/include  conftest.c >&5
configure:5513: $? = 0
configure:5527: result: yes
configure:5531: checking netinet/in.h presence
configure:5546: gcc -E  conftest.c
configure:5553: $? = 0
configure:5567: result: yes
configure:5595: checking for netinet/in.h
configure:5604: result: yes
configure:5478: checking for stdlib.h
configure:5485: result: yes
configure:5478: checking for string.h
configure:5485: result: yes
configure:5489: checking sys/socket.h usability
configure:5506: gcc -c -I/opt/local/include  conftest.c >&5
configure:5513: $? = 0
configure:5527: result: yes
configure:5531: checking sys/socket.h presence
configure:5546: gcc -E  conftest.c
configure:5553: $? = 0
configure:5567: result: yes
configure:5595: checking for sys/socket.h
configure:5604: result: yes
configure:5489: checking sys/time.h usability
configure:5506: gcc -c -I/opt/local/include  conftest.c >&5
configure:5513: $? = 0
configure:5527: result: yes
configure:5531: checking sys/time.h presence
configure:5546: gcc -E  conftest.c
configure:5553: $? = 0
configure:5567: result: yes
configure:5595: checking for sys/time.h
configure:5604: result: yes
configure:5489: checking termios.h usability
configure:5506: gcc -c -I/opt/local/include  conftest.c >&5
configure:5513: $? = 0
configure:5527: result: yes
configure:5531: checking termios.h presence
configure:5546: gcc -E  conftest.c
configure:5553: $? = 0
configure:5567: result: yes
configure:5595: checking for termios.h
configure:5604: result: yes
configure:5478: checking for unistd.h
configure:5485: result: yes
configure:5635: checking bfd.h usability
configure:5652: gcc -c -I/opt/local/include  conftest.c >&5
configure:5659: $? = 0
configure:5673: result: yes
configure:5677: checking bfd.h presence
configure:5692: gcc -E  conftest.c
conftest.c:34:17: error: bfd.h: No such file or directory
configure:5699: $? = 1
configure: failed program was:
| /* confdefs.h.  */
| #define PACKAGE_NAME "avarice"
| #define PACKAGE_TARNAME "avarice"
| #define PACKAGE_VERSION "2.10"
| #define PACKAGE_STRING "avarice 2.10"
| #define PACKAGE_BUGREPORT ""
| #define PACKAGE "avarice"
| #define VERSION "2.10"
| #define HAVE_LIBICONV 1
| #define HAVE_LIBINTL 1
| #define HAVE_LIBBFD 1
| #define HAVE_LIBUSB 1
| #define STDC_HEADERS 1
| #define HAVE_SYS_TYPES_H 1
| #define HAVE_SYS_STAT_H 1
| #define HAVE_STDLIB_H 1
| #define HAVE_STRING_H 1
| #define HAVE_MEMORY_H 1
| #define HAVE_STRINGS_H 1
| #define HAVE_INTTYPES_H 1
| #define HAVE_STDINT_H 1
| #define HAVE_UNISTD_H 1
| #define HAVE_ARPA_INET_H 1
| #define HAVE_FCNTL_H 1
| #define HAVE_NETDB_H 1
| #define HAVE_NETINET_IN_H 1
| #define HAVE_STDLIB_H 1
| #define HAVE_STRING_H 1
| #define HAVE_SYS_SOCKET_H 1
| #define HAVE_SYS_TIME_H 1
| #define HAVE_TERMIOS_H 1
| #define HAVE_UNISTD_H 1
| /* end confdefs.h.  */
| #include <bfd.h>
configure:5713: result: no
configure:5719: WARNING: bfd.h: accepted by the compiler, rejected by the preprocessor!
configure:5721: WARNING: bfd.h: proceeding with the compiler's result
configure:5741: checking for bfd.h
configure:5750: result: yes
configure:5773: checking for stdbool.h that conforms to C99
configure:5868: gcc -c -I/opt/local/include  conftest.c >&5
configure:5875: $? = 0
configure:5890: result: yes
configure:5892: checking for _Bool
configure:5920: gcc -c -I/opt/local/include  conftest.c >&5
configure:5927: $? = 0
configure:5954: gcc -c -I/opt/local/include  conftest.c >&5
conftest.c: In function 'main':
conftest.c:71: error: expected expression before ')' token
configure:5961: $? = 1
configure: failed program was:
| /* confdefs.h.  */
| #define PACKAGE_NAME "avarice"
| #define PACKAGE_TARNAME "avarice"
| #define PACKAGE_VERSION "2.10"
| #define PACKAGE_STRING "avarice 2.10"
| #define PACKAGE_BUGREPORT ""
| #define PACKAGE "avarice"
| #define VERSION "2.10"
| #define HAVE_LIBICONV 1
| #define HAVE_LIBINTL 1
| #define HAVE_LIBBFD 1
| #define HAVE_LIBUSB 1
| #define STDC_HEADERS 1
| #define HAVE_SYS_TYPES_H 1
| #define HAVE_SYS_STAT_H 1
| #define HAVE_STDLIB_H 1
| #define HAVE_STRING_H 1
| #define HAVE_MEMORY_H 1
| #define HAVE_STRINGS_H 1
| #define HAVE_INTTYPES_H 1
| #define HAVE_STDINT_H 1
| #define HAVE_UNISTD_H 1
| #define HAVE_ARPA_INET_H 1
| #define HAVE_FCNTL_H 1
| #define HAVE_NETDB_H 1
| #define HAVE_NETINET_IN_H 1
| #define HAVE_STDLIB_H 1
| #define HAVE_STRING_H 1
| #define HAVE_SYS_SOCKET_H 1
| #define HAVE_SYS_TIME_H 1
| #define HAVE_TERMIOS_H 1
| #define HAVE_UNISTD_H 1
| #define HAVE_BFD_H 1
| /* end confdefs.h.  */
| #include <stdio.h>
| #ifdef HAVE_SYS_TYPES_H
| # include <sys/types.h>
| #endif
| #ifdef HAVE_SYS_STAT_H
| # include <sys/stat.h>
| #endif
| #ifdef STDC_HEADERS
| # include <stdlib.h>
| # include <stddef.h>
| #else
| # ifdef HAVE_STDLIB_H
| #  include <stdlib.h>
| # endif
| #endif
| #ifdef HAVE_STRING_H
| # if !defined STDC_HEADERS && defined HAVE_MEMORY_H
| #  include <memory.h>
| # endif
| # include <string.h>
| #endif
| #ifdef HAVE_STRINGS_H
| # include <strings.h>
| #endif
| #ifdef HAVE_INTTYPES_H
| # include <inttypes.h>
| #endif
| #ifdef HAVE_STDINT_H
| # include <stdint.h>
| #endif
| #ifdef HAVE_UNISTD_H
| # include <unistd.h>
| #endif
| int
| main ()
| {
| if (sizeof ((_Bool)))
| 	  return 0;
|   ;
|   return 0;
| }
configure:5984: result: yes
configure:6003: checking for an ANSI C-conforming const
configure:6078: gcc -c -I/opt/local/include  conftest.c >&5
configure:6085: $? = 0
configure:6100: result: yes
configure:6110: checking for size_t
configure:6138: gcc -c -I/opt/local/include  conftest.c >&5
configure:6145: $? = 0
configure:6172: gcc -c -I/opt/local/include  conftest.c >&5
conftest.c: In function 'main':
conftest.c:73: error: expected expression before ')' token
configure:6179: $? = 1
configure: failed program was:
| /* confdefs.h.  */
| #define PACKAGE_NAME "avarice"
| #define PACKAGE_TARNAME "avarice"
| #define PACKAGE_VERSION "2.10"
| #define PACKAGE_STRING "avarice 2.10"
| #define PACKAGE_BUGREPORT ""
| #define PACKAGE "avarice"
| #define VERSION "2.10"
| #define HAVE_LIBICONV 1
| #define HAVE_LIBINTL 1
| #define HAVE_LIBBFD 1
| #define HAVE_LIBUSB 1
| #define STDC_HEADERS 1
| #define HAVE_SYS_TYPES_H 1
| #define HAVE_SYS_STAT_H 1
| #define HAVE_STDLIB_H 1
| #define HAVE_STRING_H 1
| #define HAVE_MEMORY_H 1
| #define HAVE_STRINGS_H 1
| #define HAVE_INTTYPES_H 1
| #define HAVE_STDINT_H 1
| #define HAVE_UNISTD_H 1
| #define HAVE_ARPA_INET_H 1
| #define HAVE_FCNTL_H 1
| #define HAVE_NETDB_H 1
| #define HAVE_NETINET_IN_H 1
| #define HAVE_STDLIB_H 1
| #define HAVE_STRING_H 1
| #define HAVE_SYS_SOCKET_H 1
| #define HAVE_SYS_TIME_H 1
| #define HAVE_TERMIOS_H 1
| #define HAVE_UNISTD_H 1
| #define HAVE_BFD_H 1
| #define HAVE__BOOL 1
| #define HAVE_STDBOOL_H 1
| /* end confdefs.h.  */
| #include <stdio.h>
| #ifdef HAVE_SYS_TYPES_H
| # include <sys/types.h>
| #endif
| #ifdef HAVE_SYS_STAT_H
| # include <sys/stat.h>
| #endif
| #ifdef STDC_HEADERS
| # include <stdlib.h>
| # include <stddef.h>
| #else
| # ifdef HAVE_STDLIB_H
| #  include <stdlib.h>
| # endif
| #endif
| #ifdef HAVE_STRING_H
| # if !defined STDC_HEADERS && defined HAVE_MEMORY_H
| #  include <memory.h>
| # endif
| # include <string.h>
| #endif
| #ifdef HAVE_STRINGS_H
| # include <strings.h>
| #endif
| #ifdef HAVE_INTTYPES_H
| # include <inttypes.h>
| #endif
| #ifdef HAVE_STDINT_H
| # include <stdint.h>
| #endif
| #ifdef HAVE_UNISTD_H
| # include <unistd.h>
| #endif
| int
| main ()
| {
| if (sizeof ((size_t)))
| 	  return 0;
|   ;
|   return 0;
| }
configure:6202: result: yes
configure:6214: checking whether time.h and sys/time.h may both be included
configure:6244: gcc -c -I/opt/local/include  conftest.c >&5
configure:6251: $? = 0
configure:6266: result: yes
configure:6276: checking whether struct tm is in sys/time.h or time.h
configure:6306: gcc -c -I/opt/local/include  conftest.c >&5
configure:6313: $? = 0
configure:6328: result: time.h
configure:6340: checking for socklen_t
configure:6368: gcc -c -I/opt/local/include  conftest.c >&5
configure:6375: $? = 0
configure:6391: result: yes
configure:6402: checking whether libbfd requires libz
configure:6418: gcc -o conftest -I/opt/local/include  -L/opt/local/lib conftest.c -lusb -lbfd -lintl -liconv  >&5
Undefined symbols:
  "_unlink_if_ordinary", referenced from:
      _bfd_open_file in libbfd.a(cache.o)
  "_htab_create_alloc", referenced from:
      __bfd_add_bfd_to_archive_cache in libbfd.a(archive.o)
  "_inflate", referenced from:
      _bfd_uncompress_section_contents in libbfd.a(compress.o)
  "_objalloc_create", referenced from:
      __bfd_new_bfd in libbfd.a(opncls.o)
      _bfd_hash_table_init_n in libbfd.a(hash.o)
  "_inflateEnd", referenced from:
      _bfd_uncompress_section_contents in libbfd.a(compress.o)
  "_hex_init", referenced from:
      _srec_init in libbfd.a(srec.o)
      _tekhex_init in libbfd.a(tekhex.o)
      _ihex_object_p in libbfd.a(ihex.o)
  "_lbasename", referenced from:
      _bfd_create_gnu_debuglink_section in libbfd.a(opncls.o)
      _bfd_fill_in_gnu_debuglink_section in libbfd.a(opncls.o)
      __bfd_get_elt_at_filepos in libbfd.a(archive.o)
  "_inflateInit_", referenced from:
      _bfd_uncompress_section_contents in libbfd.a(compress.o)
  "__objalloc_alloc", referenced from:
      _bfd_alloc2 in libbfd.a(opncls.o)
      _bfd_alloc in libbfd.a(opncls.o)
      _bfd_hash_allocate in libbfd.a(hash.o)
      _bfd_hash_table_init_n in libbfd.a(hash.o)
      _bfd_hash_insert in libbfd.a(hash.o)
      _bfd_hash_lookup in libbfd.a(hash.o)
  "__sch_toupper", referenced from:
      _bfd_decode_symclass in libbfd.a(syms.o)
  "__hex_value", referenced from:
      _srec_get_section_contents in libbfd.a(srec.o)
      _srec_get_section_contents in libbfd.a(srec.o)
      _srec_get_section_contents in libbfd.a(srec.o)
      _srec_get_section_contents in libbfd.a(srec.o)
      _srec_get_section_contents in libbfd.a(srec.o)
      _srec_get_section_contents in libbfd.a(srec.o)
      _srec_get_section_contents in libbfd.a(srec.o)
      _srec_get_section_contents in libbfd.a(srec.o)
      _srec_scan in libbfd.a(srec.o)
      _srec_scan in libbfd.a(srec.o)
      _srec_object_p in libbfd.a(srec.o)
      _getvalue in libbfd.a(tekhex.o)
      _getsym in libbfd.a(tekhex.o)
      _tekhex_object_p in libbfd.a(tekhex.o)
      _tekhex_object_p in libbfd.a(tekhex.o)
      _first_phase in libbfd.a(tekhex.o)
      _ihex_object_p in libbfd.a(ihex.o)
      _ihex_get_section_contents in libbfd.a(ihex.o)
  "_objalloc_free", referenced from:
      __bfd_free_cached_info in libbfd.a(opncls.o)
      __bfd_delete_bfd in libbfd.a(opncls.o)
      _bfd_hash_table_free in libbfd.a(hash.o)
  "_xstrerror", referenced from:
      _bfd_errmsg in libbfd.a(bfd.o)
  "_lrealpath", referenced from:
      _bfd_follow_gnu_debuglink in libbfd.a(opncls.o)
  "_htab_find", referenced from:
      __bfd_look_for_bfd_in_cache in libbfd.a(archive.o)
  "__sch_istable", referenced from:
      _bfd_default_scan in libbfd.a(archures.o)
      _bfd_pef_parse_traceback_table in libbfd.a(pef.o)
      _bfd_pef_parse_symbols in libbfd.a(pef.o)
      _srec_bad_byte in libbfd.a(srec.o)
      _srec_scan in libbfd.a(srec.o)
      _ihex_bad_byte in libbfd.a(ihex.o)
      _mangle_name in libbfd.a(binary.o)
      __bfd_generic_read_ar_hdr_mag in libbfd.a(archive.o)
  "_htab_find_slot", referenced from:
      __bfd_add_bfd_to_archive_cache in libbfd.a(archive.o)
  "_cplus_demangle", referenced from:
      _bfd_demangle in libbfd.a(bfd.o)
      _bfd_demangle in libbfd.a(bfd.o)
  "_objalloc_free_block", referenced from:
      _bfd_release in libbfd.a(opncls.o)
  "_inflateReset", referenced from:
      _bfd_uncompress_section_contents in libbfd.a(compress.o)
ld: symbol(s) not found
collect2: ld returned 1 exit status
configure:6425: $? = 1
configure: failed program was:
| #include <bfd.h>
|   int main(void) {
|     bfd_init();
|     bfd_openr("foo", 0);
|     return 42;
|   }
configure:6439: result: yes
configure:6441: checking for inflate in -lz
configure:6476: gcc -o conftest -I/opt/local/include  -L/opt/local/lib conftest.c -lz  -lusb -lbfd -lintl -liconv  >&5
configure:6483: $? = 0
configure:6504: result: yes
configure:6517: checking for error_at_line
configure:6543: gcc -o conftest -I/opt/local/include  -L/opt/local/lib conftest.c -lusb -lbfd -lintl -liconv  -lz >&5
conftest.c:38:19: error: error.h: No such file or directory
configure:6550: $? = 1
configure: failed program was:
| /* confdefs.h.  */
| #define PACKAGE_NAME "avarice"
| #define PACKAGE_TARNAME "avarice"
| #define PACKAGE_VERSION "2.10"
| #define PACKAGE_STRING "avarice 2.10"
| #define PACKAGE_BUGREPORT ""
| #define PACKAGE "avarice"
| #define VERSION "2.10"
| #define HAVE_LIBICONV 1
| #define HAVE_LIBINTL 1
| #define HAVE_LIBBFD 1
| #define HAVE_LIBUSB 1
| #define STDC_HEADERS 1
| #define HAVE_SYS_TYPES_H 1
| #define HAVE_SYS_STAT_H 1
| #define HAVE_STDLIB_H 1
| #define HAVE_STRING_H 1
| #define HAVE_MEMORY_H 1
| #define HAVE_STRINGS_H 1
| #define HAVE_INTTYPES_H 1
| #define HAVE_STDINT_H 1
| #define HAVE_UNISTD_H 1
| #define HAVE_ARPA_INET_H 1
| #define HAVE_FCNTL_H 1
| #define HAVE_NETDB_H 1
| #define HAVE_NETINET_IN_H 1
| #define HAVE_STDLIB_H 1
| #define HAVE_STRING_H 1
| #define HAVE_SYS_SOCKET_H 1
| #define HAVE_SYS_TIME_H 1
| #define HAVE_TERMIOS_H 1
| #define HAVE_UNISTD_H 1
| #define HAVE_BFD_H 1
| #define HAVE__BOOL 1
| #define HAVE_STDBOOL_H 1
| #define TIME_WITH_SYS_TIME 1
| /* end confdefs.h.  */
| #include <error.h>
| int
| main ()
| {
| error_at_line (0, 0, "", 0, "an error occurred");
|   ;
|   return 0;
| }
configure:6570: result: no
configure:6581: checking for pid_t
configure:6609: gcc -c -I/opt/local/include  conftest.c >&5
configure:6616: $? = 0
configure:6643: gcc -c -I/opt/local/include  conftest.c >&5
conftest.c: In function 'main':
conftest.c:74: error: expected expression before ')' token
configure:6650: $? = 1
configure: failed program was:
| /* confdefs.h.  */
| #define PACKAGE_NAME "avarice"
| #define PACKAGE_TARNAME "avarice"
| #define PACKAGE_VERSION "2.10"
| #define PACKAGE_STRING "avarice 2.10"
| #define PACKAGE_BUGREPORT ""
| #define PACKAGE "avarice"
| #define VERSION "2.10"
| #define HAVE_LIBICONV 1
| #define HAVE_LIBINTL 1
| #define HAVE_LIBBFD 1
| #define HAVE_LIBUSB 1
| #define STDC_HEADERS 1
| #define HAVE_SYS_TYPES_H 1
| #define HAVE_SYS_STAT_H 1
| #define HAVE_STDLIB_H 1
| #define HAVE_STRING_H 1
| #define HAVE_MEMORY_H 1
| #define HAVE_STRINGS_H 1
| #define HAVE_INTTYPES_H 1
| #define HAVE_STDINT_H 1
| #define HAVE_UNISTD_H 1
| #define HAVE_ARPA_INET_H 1
| #define HAVE_FCNTL_H 1
| #define HAVE_NETDB_H 1
| #define HAVE_NETINET_IN_H 1
| #define HAVE_STDLIB_H 1
| #define HAVE_STRING_H 1
| #define HAVE_SYS_SOCKET_H 1
| #define HAVE_SYS_TIME_H 1
| #define HAVE_TERMIOS_H 1
| #define HAVE_UNISTD_H 1
| #define HAVE_BFD_H 1
| #define HAVE__BOOL 1
| #define HAVE_STDBOOL_H 1
| #define TIME_WITH_SYS_TIME 1
| /* end confdefs.h.  */
| #include <stdio.h>
| #ifdef HAVE_SYS_TYPES_H
| # include <sys/types.h>
| #endif
| #ifdef HAVE_SYS_STAT_H
| # include <sys/stat.h>
| #endif
| #ifdef STDC_HEADERS
| # include <stdlib.h>
| # include <stddef.h>
| #else
| # ifdef HAVE_STDLIB_H
| #  include <stdlib.h>
| # endif
| #endif
| #ifdef HAVE_STRING_H
| # if !defined STDC_HEADERS && defined HAVE_MEMORY_H
| #  include <memory.h>
| # endif
| # include <string.h>
| #endif
| #ifdef HAVE_STRINGS_H
| # include <strings.h>
| #endif
| #ifdef HAVE_INTTYPES_H
| # include <inttypes.h>
| #endif
| #ifdef HAVE_STDINT_H
| # include <stdint.h>
| #endif
| #ifdef HAVE_UNISTD_H
| # include <unistd.h>
| #endif
| int
| main ()
| {
| if (sizeof ((pid_t)))
| 	  return 0;
|   ;
|   return 0;
| }
configure:6673: result: yes
configure:6701: checking vfork.h usability
configure:6718: gcc -c -I/opt/local/include  conftest.c >&5
conftest.c:71:19: error: vfork.h: No such file or directory
configure:6725: $? = 1
configure: failed program was:
| /* confdefs.h.  */
| #define PACKAGE_NAME "avarice"
| #define PACKAGE_TARNAME "avarice"
| #define PACKAGE_VERSION "2.10"
| #define PACKAGE_STRING "avarice 2.10"
| #define PACKAGE_BUGREPORT ""
| #define PACKAGE "avarice"
| #define VERSION "2.10"
| #define HAVE_LIBICONV 1
| #define HAVE_LIBINTL 1
| #define HAVE_LIBBFD 1
| #define HAVE_LIBUSB 1
| #define STDC_HEADERS 1
| #define HAVE_SYS_TYPES_H 1
| #define HAVE_SYS_STAT_H 1
| #define HAVE_STDLIB_H 1
| #define HAVE_STRING_H 1
| #define HAVE_MEMORY_H 1
| #define HAVE_STRINGS_H 1
| #define HAVE_INTTYPES_H 1
| #define HAVE_STDINT_H 1
| #define HAVE_UNISTD_H 1
| #define HAVE_ARPA_INET_H 1
| #define HAVE_FCNTL_H 1
| #define HAVE_NETDB_H 1
| #define HAVE_NETINET_IN_H 1
| #define HAVE_STDLIB_H 1
| #define HAVE_STRING_H 1
| #define HAVE_SYS_SOCKET_H 1
| #define HAVE_SYS_TIME_H 1
| #define HAVE_TERMIOS_H 1
| #define HAVE_UNISTD_H 1
| #define HAVE_BFD_H 1
| #define HAVE__BOOL 1
| #define HAVE_STDBOOL_H 1
| #define TIME_WITH_SYS_TIME 1
| /* end confdefs.h.  */
| #include <stdio.h>
| #ifdef HAVE_SYS_TYPES_H
| # include <sys/types.h>
| #endif
| #ifdef HAVE_SYS_STAT_H
| # include <sys/stat.h>
| #endif
| #ifdef STDC_HEADERS
| # include <stdlib.h>
| # include <stddef.h>
| #else
| # ifdef HAVE_STDLIB_H
| #  include <stdlib.h>
| # endif
| #endif
| #ifdef HAVE_STRING_H
| # if !defined STDC_HEADERS && defined HAVE_MEMORY_H
| #  include <memory.h>
| # endif
| # include <string.h>
| #endif
| #ifdef HAVE_STRINGS_H
| # include <strings.h>
| #endif
| #ifdef HAVE_INTTYPES_H
| # include <inttypes.h>
| #endif
| #ifdef HAVE_STDINT_H
| # include <stdint.h>
| #endif
| #ifdef HAVE_UNISTD_H
| # include <unistd.h>
| #endif
| #include <vfork.h>
configure:6739: result: no
configure:6743: checking vfork.h presence
configure:6758: gcc -E  conftest.c
conftest.c:38:19: error: vfork.h: No such file or directory
configure:6765: $? = 1
configure: failed program was:
| /* confdefs.h.  */
| #define PACKAGE_NAME "avarice"
| #define PACKAGE_TARNAME "avarice"
| #define PACKAGE_VERSION "2.10"
| #define PACKAGE_STRING "avarice 2.10"
| #define PACKAGE_BUGREPORT ""
| #define PACKAGE "avarice"
| #define VERSION "2.10"
| #define HAVE_LIBICONV 1
| #define HAVE_LIBINTL 1
| #define HAVE_LIBBFD 1
| #define HAVE_LIBUSB 1
| #define STDC_HEADERS 1
| #define HAVE_SYS_TYPES_H 1
| #define HAVE_SYS_STAT_H 1
| #define HAVE_STDLIB_H 1
| #define HAVE_STRING_H 1
| #define HAVE_MEMORY_H 1
| #define HAVE_STRINGS_H 1
| #define HAVE_INTTYPES_H 1
| #define HAVE_STDINT_H 1
| #define HAVE_UNISTD_H 1
| #define HAVE_ARPA_INET_H 1
| #define HAVE_FCNTL_H 1
| #define HAVE_NETDB_H 1
| #define HAVE_NETINET_IN_H 1
| #define HAVE_STDLIB_H 1
| #define HAVE_STRING_H 1
| #define HAVE_SYS_SOCKET_H 1
| #define HAVE_SYS_TIME_H 1
| #define HAVE_TERMIOS_H 1
| #define HAVE_UNISTD_H 1
| #define HAVE_BFD_H 1
| #define HAVE__BOOL 1
| #define HAVE_STDBOOL_H 1
| #define TIME_WITH_SYS_TIME 1
| /* end confdefs.h.  */
| #include <vfork.h>
configure:6779: result: no
configure:6807: checking for vfork.h
configure:6816: result: no
configure:6835: checking for fork
configure:6891: gcc -o conftest -I/opt/local/include  -L/opt/local/lib conftest.c -lusb -lbfd -lintl -liconv  -lz >&5
conftest.c:61: warning: conflicting types for built-in function 'fork'
configure:6898: $? = 0
configure:6920: result: yes
configure:6835: checking for vfork
configure:6891: gcc -o conftest -I/opt/local/include  -L/opt/local/lib conftest.c -lusb -lbfd -lintl -liconv  -lz >&5
configure:6898: $? = 0
configure:6920: result: yes
configure:6932: checking for working fork
configure:6964: gcc -o conftest -I/opt/local/include  -L/opt/local/lib conftest.c -lusb -lbfd -lintl -liconv  -lz >&5
configure:6968: $? = 0
configure:6974: ./conftest
configure:6978: $? = 0
configure:6995: result: yes
configure:7016: checking for working vfork
configure:7157: result: yes
configure:7188: checking for working memcmp
configure:7241: gcc -o conftest -I/opt/local/include  -L/opt/local/lib conftest.c -lusb -lbfd -lintl -liconv  -lz >&5
configure:7245: $? = 0
configure:7251: ./conftest
configure:7255: $? = 0
configure:7272: result: yes
configure:7298: checking sys/select.h usability
configure:7315: gcc -c -I/opt/local/include  conftest.c >&5
configure:7322: $? = 0
configure:7336: result: yes
configure:7340: checking sys/select.h presence
configure:7355: gcc -E  conftest.c
configure:7362: $? = 0
configure:7376: result: yes
configure:7404: checking for sys/select.h
configure:7413: result: yes
configure:7287: checking for sys/socket.h
configure:7294: result: yes
configure:7427: checking types of arguments for select
configure:7465: gcc -c -I/opt/local/include  conftest.c >&5
configure:7472: $? = 0
configure:7493: result: int,fd_set *,struct timeval *
configure:7516: checking whether lstat dereferences a symlink specified with a trailing slash
configure:7552: gcc -o conftest -I/opt/local/include  -L/opt/local/lib conftest.c -lusb -lbfd -lintl -liconv  -lz >&5
configure:7556: $? = 0
configure:7562: ./conftest
configure:7566: $? = 1
configure: program exited with status 1
configure: failed program was:
| /* confdefs.h.  */
| #define PACKAGE_NAME "avarice"
| #define PACKAGE_TARNAME "avarice"
| #define PACKAGE_VERSION "2.10"
| #define PACKAGE_STRING "avarice 2.10"
| #define PACKAGE_BUGREPORT ""
| #define PACKAGE "avarice"
| #define VERSION "2.10"
| #define HAVE_LIBICONV 1
| #define HAVE_LIBINTL 1
| #define HAVE_LIBBFD 1
| #define HAVE_LIBUSB 1
| #define STDC_HEADERS 1
| #define HAVE_SYS_TYPES_H 1
| #define HAVE_SYS_STAT_H 1
| #define HAVE_STDLIB_H 1
| #define HAVE_STRING_H 1
| #define HAVE_MEMORY_H 1
| #define HAVE_STRINGS_H 1
| #define HAVE_INTTYPES_H 1
| #define HAVE_STDINT_H 1
| #define HAVE_UNISTD_H 1
| #define HAVE_ARPA_INET_H 1
| #define HAVE_FCNTL_H 1
| #define HAVE_NETDB_H 1
| #define HAVE_NETINET_IN_H 1
| #define HAVE_STDLIB_H 1
| #define HAVE_STRING_H 1
| #define HAVE_SYS_SOCKET_H 1
| #define HAVE_SYS_TIME_H 1
| #define HAVE_TERMIOS_H 1
| #define HAVE_UNISTD_H 1
| #define HAVE_BFD_H 1
| #define HAVE__BOOL 1
| #define HAVE_STDBOOL_H 1
| #define TIME_WITH_SYS_TIME 1
| #define HAVE_FORK 1
| #define HAVE_VFORK 1
| #define HAVE_WORKING_VFORK 1
| #define HAVE_WORKING_FORK 1
| #define HAVE_SYS_SELECT_H 1
| #define HAVE_SYS_SOCKET_H 1
| #define SELECT_TYPE_ARG1 int
| #define SELECT_TYPE_ARG234 (fd_set *)
| #define SELECT_TYPE_ARG5 (struct timeval *)
| /* end confdefs.h.  */
| #include <stdio.h>
| #ifdef HAVE_SYS_TYPES_H
| # include <sys/types.h>
| #endif
| #ifdef HAVE_SYS_STAT_H
| # include <sys/stat.h>
| #endif
| #ifdef STDC_HEADERS
| # include <stdlib.h>
| # include <stddef.h>
| #else
| # ifdef HAVE_STDLIB_H
| #  include <stdlib.h>
| # endif
| #endif
| #ifdef HAVE_STRING_H
| # if !defined STDC_HEADERS && defined HAVE_MEMORY_H
| #  include <memory.h>
| # endif
| # include <string.h>
| #endif
| #ifdef HAVE_STRINGS_H
| # include <strings.h>
| #endif
| #ifdef HAVE_INTTYPES_H
| # include <inttypes.h>
| #endif
| #ifdef HAVE_STDINT_H
| # include <stdint.h>
| #endif
| #ifdef HAVE_UNISTD_H
| # include <unistd.h>
| #endif
| int
| main ()
| {
| struct stat sbuf;
|      /* Linux will dereference the symlink and fail.
| 	That is better in the sense that it means we will not
| 	have to compile and use the lstat wrapper.  */
|      return lstat ("conftest.sym/", &sbuf) == 0;
|   ;
|   return 0;
| }
configure:7590: result: no
configure:7609: checking whether stat accepts an empty string
configure:7639: gcc -o conftest -I/opt/local/include  -L/opt/local/lib conftest.c -lusb -lbfd -lintl -liconv  -lz >&5
configure:7643: $? = 0
configure:7649: ./conftest
configure:7653: $? = 0
configure:7670: result: no
configure:7690: checking for vprintf
configure:7746: gcc -o conftest -I/opt/local/include  -L/opt/local/lib conftest.c -lusb -lbfd -lintl -liconv  -lz >&5
conftest.c:70: warning: conflicting types for built-in function 'vprintf'
configure:7753: $? = 0
configure:7775: result: yes
configure:7783: checking for _doprnt
configure:7839: gcc -o conftest -I/opt/local/include  -L/opt/local/lib conftest.c -lusb -lbfd -lintl -liconv  -lz >&5
Undefined symbols:
  "__doprnt", referenced from:
      _main in cczAznjX.o
ld: symbol(s) not found
collect2: ld returned 1 exit status
configure:7846: $? = 1
configure: failed program was:
| /* confdefs.h.  */
| #define PACKAGE_NAME "avarice"
| #define PACKAGE_TARNAME "avarice"
| #define PACKAGE_VERSION "2.10"
| #define PACKAGE_STRING "avarice 2.10"
| #define PACKAGE_BUGREPORT ""
| #define PACKAGE "avarice"
| #define VERSION "2.10"
| #define HAVE_LIBICONV 1
| #define HAVE_LIBINTL 1
| #define HAVE_LIBBFD 1
| #define HAVE_LIBUSB 1
| #define STDC_HEADERS 1
| #define HAVE_SYS_TYPES_H 1
| #define HAVE_SYS_STAT_H 1
| #define HAVE_STDLIB_H 1
| #define HAVE_STRING_H 1
| #define HAVE_MEMORY_H 1
| #define HAVE_STRINGS_H 1
| #define HAVE_INTTYPES_H 1
| #define HAVE_STDINT_H 1
| #define HAVE_UNISTD_H 1
| #define HAVE_ARPA_INET_H 1
| #define HAVE_FCNTL_H 1
| #define HAVE_NETDB_H 1
| #define HAVE_NETINET_IN_H 1
| #define HAVE_STDLIB_H 1
| #define HAVE_STRING_H 1
| #define HAVE_SYS_SOCKET_H 1
| #define HAVE_SYS_TIME_H 1
| #define HAVE_TERMIOS_H 1
| #define HAVE_UNISTD_H 1
| #define HAVE_BFD_H 1
| #define HAVE__BOOL 1
| #define HAVE_STDBOOL_H 1
| #define TIME_WITH_SYS_TIME 1
| #define HAVE_FORK 1
| #define HAVE_VFORK 1
| #define HAVE_WORKING_VFORK 1
| #define HAVE_WORKING_FORK 1
| #define HAVE_SYS_SELECT_H 1
| #define HAVE_SYS_SOCKET_H 1
| #define SELECT_TYPE_ARG1 int
| #define SELECT_TYPE_ARG234 (fd_set *)
| #define SELECT_TYPE_ARG5 (struct timeval *)
| #define HAVE_VPRINTF 1
| /* end confdefs.h.  */
| /* Define _doprnt to an innocuous variant, in case <limits.h> declares _doprnt.
|    For example, HP-UX 11i <limits.h> declares gettimeofday.  */
| #define _doprnt innocuous__doprnt
| 
| /* System header to define __stub macros and hopefully few prototypes,
|     which can conflict with char _doprnt (); below.
|     Prefer <limits.h> to <assert.h> if __STDC__ is defined, since
|     <limits.h> exists even on freestanding compilers.  */
| 
| #ifdef __STDC__
| # include <limits.h>
| #else
| # include <assert.h>
| #endif
| 
| #undef _doprnt
| 
| /* Override any GCC internal prototype to avoid an error.
|    Use char because int might match the return type of a GCC
|    builtin and then its argument prototype would still apply.  */
| #ifdef __cplusplus
| extern "C"
| #endif
| char _doprnt ();
| /* The GNU C library defines this for functions which it implements
|     to always fail with ENOSYS.  Some functions are actually named
|     something starting with __ and the normal name is an alias.  */
| #if defined __stub__doprnt || defined __stub____doprnt
| choke me
| #endif
| 
| int
| main ()
| {
| return _doprnt ();
|   ;
|   return 0;
| }
configure:7866: result: no
configure:7893: checking for atexit
configure:7949: gcc -o conftest -I/opt/local/include  -L/opt/local/lib conftest.c -lusb -lbfd -lintl -liconv  -lz >&5
configure:7956: $? = 0
configure:7978: result: yes
configure:7893: checking for gethostbyname
configure:7949: gcc -o conftest -I/opt/local/include  -L/opt/local/lib conftest.c -lusb -lbfd -lintl -liconv  -lz >&5
configure:7956: $? = 0
configure:7978: result: yes
configure:7893: checking for inet_ntoa
configure:7949: gcc -o conftest -I/opt/local/include  -L/opt/local/lib conftest.c -lusb -lbfd -lintl -liconv  -lz >&5
configure:7956: $? = 0
configure:7978: result: yes
configure:7893: checking for memmove
configure:7949: gcc -o conftest -I/opt/local/include  -L/opt/local/lib conftest.c -lusb -lbfd -lintl -liconv  -lz >&5
conftest.c:74: warning: conflicting types for built-in function 'memmove'
configure:7956: $? = 0
configure:7978: result: yes
configure:7893: checking for memset
configure:7949: gcc -o conftest -I/opt/local/include  -L/opt/local/lib conftest.c -lusb -lbfd -lintl -liconv  -lz >&5
conftest.c:75: warning: conflicting types for built-in function 'memset'
configure:7956: $? = 0
configure:7978: result: yes
configure:7893: checking for select
configure:7949: gcc -o conftest -I/opt/local/include  -L/opt/local/lib conftest.c -lusb -lbfd -lintl -liconv  -lz >&5
configure:7956: $? = 0
configure:7978: result: yes
configure:7893: checking for socket
configure:7978: result: yes
configure:7893: checking for strcasecmp
configure:7949: gcc -o conftest -I/opt/local/include  -L/opt/local/lib conftest.c -lusb -lbfd -lintl -liconv  -lz >&5
conftest.c:78: warning: conflicting types for built-in function 'strcasecmp'
configure:7956: $? = 0
configure:7978: result: yes
configure:7893: checking for strerror
configure:7949: gcc -o conftest -I/opt/local/include  -L/opt/local/lib conftest.c -lusb -lbfd -lintl -liconv  -lz >&5
configure:7956: $? = 0
configure:7978: result: yes
configure:7893: checking for strtol
configure:7949: gcc -o conftest -I/opt/local/include  -L/opt/local/lib conftest.c -lusb -lbfd -lintl -liconv  -lz >&5
configure:7956: $? = 0
configure:7978: result: yes
configure:8115: creating ./config.status

## ---------------------- ##
## Running config.status. ##
## ---------------------- ##

This file was extended by avarice config.status 2.10, which was
generated by GNU Autoconf 2.62.  Invocation command line was

  CONFIG_FILES    = 
  CONFIG_HEADERS  = 
  CONFIG_LINKS    = 
  CONFIG_COMMANDS = 
  $ ./config.status 

on stechapfel.local

config.status:818: creating scripts/Makefile
config.status:818: creating scripts/ice-gdb
config.status:970: WARNING:  'scripts/ice-gdb.in' seems to ignore the --datarootdir setting
config.status:818: creating src/Makefile
config.status:818: creating doc/Makefile
config.status:818: creating avarice.spec
config.status:818: creating Makefile
config.status:818: creating src/autoconf.h
config.status:1092: executing depfiles commands

## ---------------- ##
## Cache variables. ##
## ---------------- ##

ac_cv_c_compiler_gnu=yes
ac_cv_c_const=yes
ac_cv_cxx_compiler_gnu=yes
ac_cv_env_CCC_set=
ac_cv_env_CCC_value=
ac_cv_env_CC_set=
ac_cv_env_CC_value=
ac_cv_env_CFLAGS_set=set
ac_cv_env_CFLAGS_value=-I/opt/local/include
ac_cv_env_CPPFLAGS_set=
ac_cv_env_CPPFLAGS_value=
ac_cv_env_CPP_set=
ac_cv_env_CPP_value=
ac_cv_env_CXXFLAGS_set=
ac_cv_env_CXXFLAGS_value=
ac_cv_env_CXX_set=
ac_cv_env_CXX_value=
ac_cv_env_LDFLAGS_set=set
ac_cv_env_LDFLAGS_value=-L/opt/local/lib
ac_cv_env_LIBS_set=
ac_cv_env_LIBS_value=
ac_cv_env_build_alias_set=
ac_cv_env_build_alias_value=
ac_cv_env_host_alias_set=
ac_cv_env_host_alias_value=
ac_cv_env_target_alias_set=
ac_cv_env_target_alias_value=
ac_cv_func__doprnt=no
ac_cv_func_atexit=yes
ac_cv_func_fork=yes
ac_cv_func_fork_works=yes
ac_cv_func_gethostbyname=yes
ac_cv_func_inet_ntoa=yes
ac_cv_func_lstat_dereferences_slashed_symlink=no
ac_cv_func_memcmp_working=yes
ac_cv_func_memmove=yes
ac_cv_func_memset=yes
ac_cv_func_select=yes
ac_cv_func_select_args='int,fd_set *,struct timeval *'
ac_cv_func_socket=yes
ac_cv_func_stat_empty_string_bug=no
ac_cv_func_strcasecmp=yes
ac_cv_func_strerror=yes
ac_cv_func_strtol=yes
ac_cv_func_vfork=yes
ac_cv_func_vfork_works=yes
ac_cv_func_vprintf=yes
ac_cv_header_arpa_inet_h=yes
ac_cv_header_bfd_h=yes
ac_cv_header_fcntl_h=yes
ac_cv_header_inttypes_h=yes
ac_cv_header_memory_h=yes
ac_cv_header_netdb_h=yes
ac_cv_header_netinet_in_h=yes
ac_cv_header_stdbool_h=yes
ac_cv_header_stdc=yes
ac_cv_header_stdint_h=yes
ac_cv_header_stdlib_h=yes
ac_cv_header_string_h=yes
ac_cv_header_strings_h=yes
ac_cv_header_sys_select_h=yes
ac_cv_header_sys_socket_h=yes
ac_cv_header_sys_stat_h=yes
ac_cv_header_sys_time_h=yes
ac_cv_header_sys_types_h=yes
ac_cv_header_termios_h=yes
ac_cv_header_time=yes
ac_cv_header_unistd_h=yes
ac_cv_header_vfork_h=no
ac_cv_lib_bfd_bfd_init=yes
ac_cv_lib_error_at_line=no
ac_cv_lib_iberty_xmalloc=no
ac_cv_lib_iconv_iconv_open=no
ac_cv_lib_iconv_libiconv_open=yes
ac_cv_lib_intl_dcgettext=yes
ac_cv_lib_usb_usb_get_string_simple=yes
ac_cv_lib_z_inflate=yes
ac_cv_objext=o
ac_cv_path_EGREP='/usr/bin/grep -E'
ac_cv_path_GREP=/usr/bin/grep
ac_cv_path_install='/usr/bin/install -c'
ac_cv_path_pathperl=/opt/local/bin/perl
ac_cv_prog_AWK=awk
ac_cv_prog_CPP='gcc -E'
ac_cv_prog_ac_ct_CC=gcc
ac_cv_prog_ac_ct_CXX=g++
ac_cv_prog_cc_c89=
ac_cv_prog_cc_g=yes
ac_cv_prog_cxx_g=yes
ac_cv_prog_make_make_set=yes
ac_cv_search_gethostbyname='none required'
ac_cv_search_inet_aton='none required'
ac_cv_struct_tm=time.h
ac_cv_type__Bool=yes
ac_cv_type_pid_t=yes
ac_cv_type_size_t=yes
ac_cv_type_socklen_t=yes
am_cv_CC_dependencies_compiler_type=gcc3
am_cv_CXX_dependencies_compiler_type=gcc3

## ----------------- ##
## Output variables. ##
## ----------------- ##

ACLOCAL='${SHELL} /Users/manuel/Downloads/avarice-2.10/config-aux/missing --run aclocal-1.10'
AMDEPBACKSLASH='\'
AMDEP_FALSE='#'
AMDEP_TRUE=''
AMTAR='${SHELL} /Users/manuel/Downloads/avarice-2.10/config-aux/missing --run tar'
AUTOCONF='${SHELL} /Users/manuel/Downloads/avarice-2.10/config-aux/missing --run autoconf'
AUTOHEADER='${SHELL} /Users/manuel/Downloads/avarice-2.10/config-aux/missing --run autoheader'
AUTOMAKE='${SHELL} /Users/manuel/Downloads/avarice-2.10/config-aux/missing --run automake-1.10'
AWK='awk'
CC='gcc'
CCDEPMODE='depmode=gcc3'
CFLAGS='-I/opt/local/include'
CPP='gcc -E'
CPPFLAGS=''
CXX='g++'
CXXDEPMODE='depmode=gcc3'
CXXFLAGS='-g -O2'
CYGPATH_W='echo'
DEFS='-DHAVE_CONFIG_H'
DEPDIR='.deps'
ECHO_C='\c'
ECHO_N=''
ECHO_T=''
EGREP='/usr/bin/grep -E'
EXEEXT=''
GREP='/usr/bin/grep'
INSTALL_DATA='${INSTALL} -m 644'
INSTALL_PROGRAM='${INSTALL}'
INSTALL_SCRIPT='${INSTALL}'
INSTALL_STRIP_PROGRAM='$(install_sh) -c -s'
LDFLAGS='-L/opt/local/lib'
LIBOBJS=' ${LIBOBJDIR}error$U.o ${LIBOBJDIR}lstat$U.o'
LIBS='-lusb -lbfd -lintl -liconv  -lz'
LTLIBOBJS=' ${LIBOBJDIR}error$U.lo ${LIBOBJDIR}lstat$U.lo'
MAKEINFO='${SHELL} /Users/manuel/Downloads/avarice-2.10/config-aux/missing --run makeinfo'
MKDIR_P='config-aux/install-sh -c -d'
OBJEXT='o'
PACKAGE='avarice'
PACKAGE_BUGREPORT=''
PACKAGE_NAME='avarice'
PACKAGE_STRING='avarice 2.10'
PACKAGE_TARNAME='avarice'
PACKAGE_VERSION='2.10'
PATH_SEPARATOR=':'
SET_MAKE=''
SHELL='/bin/sh'
STRIP=''
VERSION='2.10'
ac_ct_CC='gcc'
ac_ct_CXX='g++'
am__fastdepCC_FALSE='#'
am__fastdepCC_TRUE=''
am__fastdepCXX_FALSE='#'
am__fastdepCXX_TRUE=''
am__include='include'
am__isrc=''
am__leading_dot='.'
am__quote=''
am__tar='${AMTAR} chof - "$$tardir"'
am__untar='${AMTAR} xf -'
bindir='${exec_prefix}/bin'
build_alias=''
datadir='${datarootdir}'
datarootdir='${prefix}/share'
docdir='${datarootdir}/doc/${PACKAGE_TARNAME}'
dvidir='${docdir}'
exec_prefix='${prefix}'
host_alias=''
htmldir='${docdir}'
includedir='${prefix}/include'
infodir='${datarootdir}/info'
install_sh='$(SHELL) /Users/manuel/Downloads/avarice-2.10/config-aux/install-sh'
libdir='${exec_prefix}/lib'
libexecdir='${exec_prefix}/libexec'
localedir='${datarootdir}/locale'
localstatedir='${prefix}/var'
mandir='${datarootdir}/man'
mkdir_p='$(top_builddir)/config-aux/install-sh -c -d'
oldincludedir='/usr/include'
pathperl='/opt/local/bin/perl'
pdfdir='${docdir}'
prefix='/usr/local'
program_transform_name='s,x,x,'
psdir='${docdir}'
sbindir='${exec_prefix}/sbin'
sharedstatedir='${prefix}/com'
sysconfdir='${prefix}/etc'
target_alias=''

## ----------- ##
## confdefs.h. ##
## ----------- ##

#define PACKAGE_NAME "avarice"
#define PACKAGE_TARNAME "avarice"
#define PACKAGE_VERSION "2.10"
#define PACKAGE_STRING "avarice 2.10"
#define PACKAGE_BUGREPORT ""
#define PACKAGE "avarice"
#define VERSION "2.10"
#define HAVE_LIBICONV 1
#define HAVE_LIBINTL 1
#define HAVE_LIBBFD 1
#define HAVE_LIBUSB 1
#define STDC_HEADERS 1
#define HAVE_SYS_TYPES_H 1
#define HAVE_SYS_STAT_H 1
#define HAVE_STDLIB_H 1
#define HAVE_STRING_H 1
#define HAVE_MEMORY_H 1
#define HAVE_STRINGS_H 1
#define HAVE_INTTYPES_H 1
#define HAVE_STDINT_H 1
#define HAVE_UNISTD_H 1
#define HAVE_ARPA_INET_H 1
#define HAVE_FCNTL_H 1
#define HAVE_NETDB_H 1
#define HAVE_NETINET_IN_H 1
#define HAVE_STDLIB_H 1
#define HAVE_STRING_H 1
#define HAVE_SYS_SOCKET_H 1
#define HAVE_SYS_TIME_H 1
#define HAVE_TERMIOS_H 1
#define HAVE_UNISTD_H 1
#define HAVE_BFD_H 1
#define HAVE__BOOL 1
#define HAVE_STDBOOL_H 1
#define TIME_WITH_SYS_TIME 1
#define HAVE_FORK 1
#define HAVE_VFORK 1
#define HAVE_WORKING_VFORK 1
#define HAVE_WORKING_FORK 1
#define HAVE_SYS_SELECT_H 1
#define HAVE_SYS_SOCKET_H 1
#define SELECT_TYPE_ARG1 int
#define SELECT_TYPE_ARG234 (fd_set *)
#define SELECT_TYPE_ARG5 (struct timeval *)
#define HAVE_VPRINTF 1
#define HAVE_ATEXIT 1
#define HAVE_GETHOSTBYNAME 1
#define HAVE_INET_NTOA 1
#define HAVE_MEMMOVE 1
#define HAVE_MEMSET 1
#define HAVE_SELECT 1
#define HAVE_SOCKET 1
#define HAVE_STRCASECMP 1
#define HAVE_STRERROR 1
#define HAVE_STRTOL 1

configure: exit 0
